Hello World! You're probably wondering how I got here :3
[2024/03/29 @ 13:43:23] setup.py: Generating first time config...
[2024/03/29 @ 13:43:23] setup.py: Writing config file...
[2024/03/29 @ 13:43:23] setup.py: Successfully wrote config file
[2024/03/29 @ 13:43:23] env.py: JSON variables initialized successfully
[2024/03/29 @ 13:43:23] __init__.py: UNKNOWN PROTOGEN is waking up... good morning!
[2024/03/29 @ 13:43:23] __init__.py: Update check!
[2024/03/29 @ 13:43:23] update.py: No USB detected, checking internet connection...
[2024/03/29 @ 13:43:23] update.py: Internet is accessible! Checking for updates
[2024/03/29 @ 13:43:23] update.py: Current version is 1.5.0
[2024/03/29 @ 13:43:23] update.py: Latest version is 1.6, update available!
[2024/03/29 @ 13:43:23] __init__.py: Starting USB hotplug listener!
[2024/03/29 @ 13:43:23] __init__.py: .... when i want it working
[2024/03/29 @ 13:43:23] __init__.py: System hardware check: basic archetype, wired controller
[2024/03/29 @ 13:43:23] nunchuk.py: Initializing I2C nunchuk...
[2024/03/29 @ 13:43:23] (Error 12) nunchuk.py: I2C communcation error: No I2C device at address: 0x52 (Is your nunchuk connection secure?)
[2024/03/29 @ 13:43:23] nunchuk.py: Reintializing connection...
[2024/03/29 @ 13:43:25] (Error 12) nunchuk.py: I2C communcation error: No I2C device at address: 0x52 (Is your nunchuk connection secure?)
[2024/03/29 @ 13:43:25] nunchuk.py: Reintializing connection...
[2024/03/29 @ 13:43:28] (Error 12) nunchuk.py: I2C communcation error: No I2C device at address: 0x52 (Is your nunchuk connection secure?)
[2024/03/29 @ 13:43:28] nunchuk.py: Reintializing connection...
[2024/03/29 @ 13:43:30] env.py: JSON variables initialized successfully
[2024/03/29 @ 13:43:30] setup.py: Checking for new config...
[2024/03/29 @ 13:43:30] setup.py: No new configuration to add
[2024/03/29 @ 13:43:30] __init__.py: UNKNOWN PROTOGEN is waking up... good morning!
[2024/03/29 @ 13:43:30] __init__.py: Update check!
[2024/03/29 @ 13:43:30] update.py: No USB detected, checking internet connection...
[2024/03/29 @ 13:43:30] update.py: Internet is accessible! Checking for updates
[2024/03/29 @ 13:43:30] update.py: Current version is 1.5.0
[2024/03/29 @ 13:43:30] update.py: Latest version is 1.6, update available!
[2024/03/29 @ 13:43:30] __init__.py: Starting USB hotplug listener!
[2024/03/29 @ 13:43:30] __init__.py: .... when i want it working
[2024/03/29 @ 13:43:30] __init__.py: System hardware check: basic archetype, wired controller
[2024/03/29 @ 13:43:30] nunchuk.py: Initializing I2C nunchuk...
[2024/03/29 @ 13:43:30] (Error 12) nunchuk.py: I2C communcation error: No I2C device at address: 0x52 (Is your nunchuk connection secure?)
[2024/03/29 @ 13:43:30] nunchuk.py: Reintializing connection...
[2024/03/29 @ 13:43:32] (Error 12) nunchuk.py: I2C communcation error: No I2C device at address: 0x52 (Is your nunchuk connection secure?)
[2024/03/29 @ 13:43:32] nunchuk.py: Reintializing connection...
[2024/03/29 @ 13:43:34] (Error 12) nunchuk.py: I2C communcation error: No I2C device at address: 0x52 (Is your nunchuk connection secure?)
[2024/03/29 @ 13:43:34] nunchuk.py: Reintializing connection...
[2024/03/29 @ 15:08:49] (Error 0) env.py: JSON variables initialized successfully
[2024/03/29 @ 15:08:49] (Error 0) setup.py: Checking for new config...
[2024/03/29 @ 15:08:49] (Error 0) setup.py: No new configuration to add
[2024/03/29 @ 15:08:49] (Error 0) __init__.py: ITOV is waking up... good morning!
[2024/03/29 @ 15:08:49] (Error 0) __init__.py: Update check!
[2024/03/29 @ 15:08:49] (Error 0) update.py: No USB detected, checking internet connection...
[2024/03/29 @ 15:08:49] (Error 0) update.py: Internet is accessible! Checking for updates
[2024/03/29 @ 15:08:49] (Error 0) update.py: Current version is 1.5.0
[2024/03/29 @ 15:08:49] (Error 0) update.py: Latest version is 1.6, update available!
[2024/03/29 @ 15:08:49] (Error 0) __init__.py: Starting USB hotplug listener!
[2024/03/29 @ 15:08:49] (Error 0) __init__.py: .... when i want it working
[2024/03/29 @ 15:08:49] (Error 0) __init__.py: System hardware check: basic archetype, wired controller
[2024/03/29 @ 15:08:49] (Error 0) nunchuk.py: Initializing I2C nunchuk...
[2024/03/29 @ 15:08:49] (Error 12) nunchuk.py: I2C communcation error: No I2C device at address: 0x52 (Is your nunchuk connection secure?)
[2024/03/29 @ 15:08:49] (Error 0) nunchuk.py: Reintializing connection...
[2024/03/29 @ 15:08:51] (Error 12) nunchuk.py: I2C communcation error: No I2C device at address: 0x52 (Is your nunchuk connection secure?)
[2024/03/29 @ 15:08:51] (Error 0) nunchuk.py: Reintializing connection...
[2024/03/29 @ 15:08:53] (Error 12) nunchuk.py: I2C communcation error: No I2C device at address: 0x52 (Is your nunchuk connection secure?)
[2024/03/29 @ 15:08:53] (Error 0) nunchuk.py: Reintializing connection...
[2024/03/29 @ 15:08:55] (Error 12) nunchuk.py: I2C communcation error: No I2C device at address: 0x52 (Is your nunchuk connection secure?)
[2024/03/29 @ 15:08:55] (Error 0) nunchuk.py: Reintializing connection...
[2024/03/29 @ 15:08:57] (Error 12) nunchuk.py: I2C communcation error: No I2C device at address: 0x52 (Is your nunchuk connection secure?)
[2024/03/29 @ 15:08:57] (Error 0) nunchuk.py: Reintializing connection...
[2024/03/29 @ 15:08:59] (Error 12) nunchuk.py: I2C communcation error: No I2C device at address: 0x52 (Is your nunchuk connection secure?)
[2024/03/29 @ 15:08:59] (Error 0) nunchuk.py: Controller log supression threshold reached. No further logs will be sent until next run
[2024/03/29 @ 15:12:36] ( INFO )env.py: JSON variables initialized successfully
[2024/03/29 @ 15:12:36] ( INFO )setup.py: Checking for new config...
[2024/03/29 @ 15:12:36] ( INFO )setup.py: No new configuration to add
[2024/03/29 @ 15:12:36] ( INFO )__init__.py: ITOV is waking up... good morning!
[2024/03/29 @ 15:12:36] ( INFO )__init__.py: Update check!
[2024/03/29 @ 15:12:37] ( INFO )update.py: No USB detected, checking internet connection...
[2024/03/29 @ 15:12:37] ( INFO )update.py: Internet is accessible! Checking for updates
[2024/03/29 @ 15:12:37] ( INFO )update.py: Current version is 1.5.0
[2024/03/29 @ 15:12:37] ( INFO )update.py: Latest version is 1.6, update available!
[2024/03/29 @ 15:12:37] ( INFO )__init__.py: Starting USB hotplug listener!
[2024/03/29 @ 15:12:37] ( INFO )__init__.py: .... when i want it working
[2024/03/29 @ 15:12:37] ( INFO )__init__.py: System hardware check: basic archetype, wired controller
[2024/03/29 @ 15:12:37] ( INFO )nunchuk.py: Initializing I2C nunchuk...
[2024/03/29 @ 15:12:37] (ERR 12) nunchuk.py: I2C communcation error: No I2C device at address: 0x52 (Is your nunchuk connection secure?)
[2024/03/29 @ 15:12:37] ( INFO )nunchuk.py: Reintializing connection...
[2024/03/29 @ 15:12:39] (ERR 12) nunchuk.py: I2C communcation error: No I2C device at address: 0x52 (Is your nunchuk connection secure?)
[2024/03/29 @ 15:12:39] ( INFO )nunchuk.py: Reintializing connection...
[2024/03/29 @ 15:12:41] (ERR 12) nunchuk.py: I2C communcation error: No I2C device at address: 0x52 (Is your nunchuk connection secure?)
[2024/03/29 @ 15:12:41] ( INFO )nunchuk.py: Reintializing connection...
[2024/03/29 @ 15:12:58] ( INFO ) env.py: JSON variables initialized successfully
[2024/03/29 @ 15:12:58] ( INFO ) setup.py: Checking for new config...
[2024/03/29 @ 15:12:58] ( INFO ) setup.py: No new configuration to add
[2024/03/29 @ 15:12:58] ( INFO ) __init__.py: ITOV is waking up... good morning!
[2024/03/29 @ 15:12:58] ( INFO ) __init__.py: Update check!
[2024/03/29 @ 15:12:58] ( INFO ) update.py: No USB detected, checking internet connection...
[2024/03/29 @ 15:12:58] ( INFO ) update.py: Internet is accessible! Checking for updates
[2024/03/29 @ 15:12:58] ( INFO ) update.py: Current version is 1.5.0
[2024/03/29 @ 15:12:58] ( INFO ) update.py: Latest version is 1.6, update available!
[2024/03/29 @ 15:12:58] ( INFO ) __init__.py: Starting USB hotplug listener!
[2024/03/29 @ 15:12:58] ( INFO ) __init__.py: .... when i want it working
[2024/03/29 @ 15:12:58] ( INFO ) __init__.py: System hardware check: basic archetype, wired controller
[2024/03/29 @ 15:12:58] ( INFO ) nunchuk.py: Initializing I2C nunchuk...
[2024/03/29 @ 15:12:59] (ERR 12) nunchuk.py: I2C communcation error: No I2C device at address: 0x52 (Is your nunchuk connection secure?)
[2024/03/29 @ 15:12:59] ( INFO ) nunchuk.py: Reintializing connection...
[2024/03/29 @ 15:13:01] (ERR 12) nunchuk.py: I2C communcation error: No I2C device at address: 0x52 (Is your nunchuk connection secure?)
[2024/03/29 @ 15:13:01] ( INFO ) nunchuk.py: Reintializing connection...
[2024/03/29 @ 15:13:03] (ERR 12) nunchuk.py: I2C communcation error: No I2C device at address: 0x52 (Is your nunchuk connection secure?)
[2024/03/29 @ 15:13:03] ( INFO ) nunchuk.py: Reintializing connection...
[2024/03/29 @ 15:13:05] (ERR 12) nunchuk.py: I2C communcation error: No I2C device at address: 0x52 (Is your nunchuk connection secure?)
[2024/03/29 @ 15:13:05] ( INFO ) nunchuk.py: Reintializing connection...
[2024/03/29 @ 15:13:07] (ERR 12) nunchuk.py: I2C communcation error: No I2C device at address: 0x52 (Is your nunchuk connection secure?)
[2024/03/29 @ 15:13:07] ( INFO ) nunchuk.py: Reintializing connection...
[2024/03/29 @ 15:13:09] (ERR 12) nunchuk.py: I2C communcation error: No I2C device at address: 0x52 (Is your nunchuk connection secure?)
[2024/03/29 @ 15:13:09] ( INFO ) nunchuk.py: Controller log supression threshold reached. No further logs will be sent until next run
[2024/03/29 @ 15:13:30] (  OK  ) env.py: JSON variables initialized successfully
[2024/03/29 @ 15:13:30] (  OK  ) setup.py: Checking for new config...
[2024/03/29 @ 15:13:30] (  OK  ) setup.py: No new configuration to add
[2024/03/29 @ 15:13:30] (  OK  ) __init__.py: ITOV is waking up... good morning!
[2024/03/29 @ 15:13:30] (  OK  ) __init__.py: Update check!
[2024/03/29 @ 15:13:30] (  OK  ) update.py: No USB detected, checking internet connection...
[2024/03/29 @ 15:13:30] (  OK  ) update.py: Internet is accessible! Checking for updates
[2024/03/29 @ 15:13:30] (  OK  ) update.py: Current version is 1.5.0
[2024/03/29 @ 15:13:30] (  OK  ) update.py: Latest version is 1.6, update available!
[2024/03/29 @ 15:13:30] (  OK  ) __init__.py: Starting USB hotplug listener!
[2024/03/29 @ 15:13:30] (  OK  ) __init__.py: .... when i want it working
[2024/03/29 @ 15:13:30] (  OK  ) __init__.py: System hardware check: basic archetype, wired controller
[2024/03/29 @ 15:13:30] (  OK  ) nunchuk.py: Initializing I2C nunchuk...
[2024/03/29 @ 15:13:30] (ERR 12) nunchuk.py: I2C communcation error: No I2C device at address: 0x52 (Is your nunchuk connection secure?)
[2024/03/29 @ 15:13:30] (  OK  ) nunchuk.py: Reintializing connection...
[2024/03/29 @ 15:13:32] (ERR 12) nunchuk.py: I2C communcation error: No I2C device at address: 0x52 (Is your nunchuk connection secure?)
[2024/03/29 @ 15:13:32] (  OK  ) nunchuk.py: Reintializing connection...
[2024/03/29 @ 15:13:34] (ERR 12) nunchuk.py: I2C communcation error: No I2C device at address: 0x52 (Is your nunchuk connection secure?)
[2024/03/29 @ 15:13:34] (  OK  ) nunchuk.py: Reintializing connection...
[2024/03/29 @ 15:13:36] (ERR 12) nunchuk.py: I2C communcation error: No I2C device at address: 0x52 (Is your nunchuk connection secure?)
[2024/03/29 @ 15:13:36] (  OK  ) nunchuk.py: Reintializing connection...
[2024/03/29 @ 15:13:38] (ERR 12) nunchuk.py: I2C communcation error: No I2C device at address: 0x52 (Is your nunchuk connection secure?)
[2024/03/29 @ 15:13:38] (  OK  ) nunchuk.py: Reintializing connection...
[2024/03/29 @ 15:13:40] (ERR 12) nunchuk.py: I2C communcation error: No I2C device at address: 0x52 (Is your nunchuk connection secure?)
[2024/03/29 @ 15:13:40] (  OK  ) nunchuk.py: Controller log supression threshold reached. No further logs will be sent until next run
[2024/03/29 @ 15:15:28] (  OK  ) env.py: JSON variables initialized successfully
[2024/03/29 @ 15:15:28] (  OK  ) setup.py: Checking for new config...
[2024/03/29 @ 15:15:28] (  OK  ) setup.py: No new configuration to add
[2024/03/29 @ 15:15:29] (  OK  ) __init__.py: ITOV is waking up... good morning!
[2024/03/29 @ 15:15:29] (  OK  ) __init__.py: Update check!
[2024/03/29 @ 15:15:29] (  OK  ) update.py: No USB detected, checking internet connection...
[2024/03/29 @ 15:15:29] (  OK  ) update.py: Internet is accessible! Checking for updates
[2024/03/29 @ 15:15:29] (  OK  ) update.py: Current version is 1.5.0
[2024/03/29 @ 15:15:29] (  OK  ) update.py: Latest version is 1.6, update available!
[2024/03/29 @ 15:15:29] (  OK  ) __init__.py: Starting USB hotplug listener!
[2024/03/29 @ 15:15:29] (  OK  ) __init__.py: .... when i want it working
[2024/03/29 @ 15:15:29] (  OK  ) __init__.py: System hardware check: basic archetype, wired controller
[2024/03/29 @ 15:15:29] (  OK  ) nunchuk.py: Initializing I2C nunchuk...
[2024/03/29 @ 15:15:29] (ERR 12) nunchuk.py: I2C communcation error: No I2C device at address: 0x52 (Is your nunchuk connection secure?)
[2024/03/29 @ 15:15:29] (  OK  ) nunchuk.py: Reintializing connection...
[2024/03/29 @ 15:15:31] (ERR 12) nunchuk.py: I2C communcation error: No I2C device at address: 0x52 (Is your nunchuk connection secure?)
[2024/03/29 @ 15:15:31] (  OK  ) nunchuk.py: Reintializing connection...
[2024/03/29 @ 15:15:33] (ERR 12) nunchuk.py: I2C communcation error: No I2C device at address: 0x52 (Is your nunchuk connection secure?)
[2024/03/29 @ 15:15:33] (  OK  ) nunchuk.py: Reintializing connection...
[2024/03/29 @ 15:15:35] (ERR 12) nunchuk.py: I2C communcation error: No I2C device at address: 0x52 (Is your nunchuk connection secure?)
[2024/03/29 @ 15:15:35] (  OK  ) nunchuk.py: Reintializing connection...
